<?xml version="1.0" encoding="UTF-8"?>
<!-- Generated by org.testng.reporters.JUnitReportReporter -->
<testsuite hostname="idoshoshani-lt" name="appiumAMFAM.TC03" tests="2" failures="0" timestamp="30 May 2018 21:13:50 GMT" time="29.804" errors="2">
  <testcase name="testUntitled" time="29.407" classname="appiumAMFAM.TC03">
    <error type="org.openqa.selenium.NoSuchElementException" message="no such element (An element could not be located on the page using the given search parameters (XPATH=&#039;//*[@name=&#039;zipCode&#039;]&#039;))  (WARNING: The server did not provide any stacktrace information)
Command duration or timeout: 0 milliseconds
For documentation on this error, please visit: http://seleniumhq.org/exceptions/no_such_element.html
Build info: version: &#039;3.6.0&#039;, revision: &#039;6fbf3ec767&#039;, time: &#039;2017-09-27T15:28:36.4Z&#039;
System info: host: &#039;IDOSHOSHANI-LT&#039;, ip: &#039;10.0.75.1&#039;, os.name: &#039;Windows 10&#039;, os.arch: &#039;x86&#039;, os.version: &#039;10.0&#039;, java.version: &#039;1.8.0_151&#039;
Driver info: io.appium.java_client.ios.IOSDriver
Capabilities [{device.majorVersion=11.0.x, dontGoHomeOnQuit=true, device.os=iOS, noReset=false, doNotGoHomeOnQuit=true, dontStopAppOnReset=false, reservationDuration=240, fullReset=false, platform=IOS, desired={dontGoHomeOnQuit=true, doNotGoHomeOnQuit=true, generateReport=false, browserName=Safari, takeScreenshots=false, platformName=iOS}, device.serialNumber=cdaf7a8d7975b9534f335cb27e4839be7672ff39, locationServicesAuthorized=false, device.version=11.1.2, automationName=XCUITest, browserName=Safari, javascriptEnabled=true, autoWebview=false, platformName=IOS, device.screenSize=1125x2436, testName=Untitled, useKeystore=false, cloudViewLink=http://sales.experitest.com/agent-9/#/PsTDuGSwQ1wDyk3A?1
Picked up Grid Node (seetest_7795)
Reserved Device : iPhone X B0164, generateReport=false, device.manufacture=Apple, instrumentApp=false, device.category=PHONE, autoDismissAlerts=false, keystorePath=~/.android/debug.keystore, waitForDeviceTimeout=120000, device.model=iPhone X, device.name=iPhone X B0164, autoGrantPermissions=false, takeScreenshots=false, projectName=, gridNodePort=7795, autoAcceptAlerts=false}]
Session ID: CLOUD-SID:2018-05-31_00-12-43-ba8d2c38-a8c6-456e-b0a1-080f020495dd
*** Element info: {Using=xpath, value=//*[@name=&#039;zipCode&#039;]}">
      <![CDATA[org.openqa.selenium.NoSuchElementException: no such element (An element could not be located on the page using the given search parameters (XPATH='//*[@name='zipCode']'))  (WARNING: The server did not provide any stacktrace information)
Command duration or timeout: 0 milliseconds
For documentation on this error, please visit: http://seleniumhq.org/exceptions/no_such_element.html
Build info: version: '3.6.0', revision: '6fbf3ec767', time: '2017-09-27T15:28:36.4Z'
System info: host: 'IDOSHOSHANI-LT', ip: '10.0.75.1', os.name: 'Windows 10', os.arch: 'x86', os.version: '10.0', java.version: '1.8.0_151'
Driver info: io.appium.java_client.ios.IOSDriver
Capabilities [{device.majorVersion=11.0.x, dontGoHomeOnQuit=true, device.os=iOS, noReset=false, doNotGoHomeOnQuit=true, dontStopAppOnReset=false, reservationDuration=240, fullReset=false, platform=IOS, desired={dontGoHomeOnQuit=true, doNotGoHomeOnQuit=true, generateReport=false, browserName=Safari, takeScreenshots=false, platformName=iOS}, device.serialNumber=cdaf7a8d7975b9534f335cb27e4839be7672ff39, locationServicesAuthorized=false, device.version=11.1.2, automationName=XCUITest, browserName=Safari, javascriptEnabled=true, autoWebview=false, platformName=IOS, device.screenSize=1125x2436, testName=Untitled, useKeystore=false, cloudViewLink=http://sales.experitest.com/agent-9/#/PsTDuGSwQ1wDyk3A?1
Picked up Grid Node (seetest_7795)
Reserved Device : iPhone X B0164, generateReport=false, device.manufacture=Apple, instrumentApp=false, device.category=PHONE, autoDismissAlerts=false, keystorePath=~/.android/debug.keystore, waitForDeviceTimeout=120000, device.model=iPhone X, device.name=iPhone X B0164, autoGrantPermissions=false, takeScreenshots=false, projectName=, gridNodePort=7795, autoAcceptAlerts=false}]
Session ID: CLOUD-SID:2018-05-31_00-12-43-ba8d2c38-a8c6-456e-b0a1-080f020495dd
*** Element info: {Using=xpath, value=//*[@name='zipCode']}
	at sun.reflect.NativeConstructorAccessorImpl.newInstance0(Native Method)
	at sun.reflect.NativeConstructorAccessorImpl.newInstance(NativeConstructorAccessorImpl.java:62)
	at sun.reflect.DelegatingConstructorAccessorImpl.newInstance(DelegatingConstructorAccessorImpl.java:45)
	at java.lang.reflect.Constructor.newInstance(Constructor.java:423)
	at org.openqa.selenium.remote.ErrorHandler.createThrowable(ErrorHandler.java:214)
	at org.openqa.selenium.remote.ErrorHandler.throwIfResponseFailed(ErrorHandler.java:166)
	at org.openqa.selenium.remote.http.JsonHttpResponseCodec.reconstructValue(JsonHttpResponseCodec.java:40)
	at org.openqa.selenium.remote.http.AbstractHttpResponseCodec.decode(AbstractHttpResponseCodec.java:82)
	at org.openqa.selenium.remote.http.AbstractHttpResponseCodec.decode(AbstractHttpResponseCodec.java:45)
	at org.openqa.selenium.remote.HttpCommandExecutor.execute(HttpCommandExecutor.java:164)
	at io.appium.java_client.remote.AppiumCommandExecutor.execute(AppiumCommandExecutor.java:89)
	at org.openqa.selenium.remote.RemoteWebDriver.execute(RemoteWebDriver.java:586)
	at io.appium.java_client.DefaultGenericMobileDriver.execute(DefaultGenericMobileDriver.java:42)
	at io.appium.java_client.AppiumDriver.execute(AppiumDriver.java:1)
	at io.appium.java_client.ios.IOSDriver.execute(IOSDriver.java:1)
	at org.openqa.selenium.remote.RemoteWebDriver.findElement(RemoteWebDriver.java:356)
	at io.appium.java_client.DefaultGenericMobileDriver.findElement(DefaultGenericMobileDriver.java:62)
	at io.appium.java_client.AppiumDriver.findElement(AppiumDriver.java:1)
	at io.appium.java_client.ios.IOSDriver.findElement(IOSDriver.java:1)
	at org.openqa.selenium.remote.RemoteWebDriver.findElementByXPath(RemoteWebDriver.java:458)
	at io.appium.java_client.DefaultGenericMobileDriver.findElementByXPath(DefaultGenericMobileDriver.java:140)
	at io.appium.java_client.AppiumDriver.findElementByXPath(AppiumDriver.java:1)
	at io.appium.java_client.ios.IOSDriver.findElementByXPath(IOSDriver.java:1)
	at org.openqa.selenium.By$ByXPath.findElement(By.java:361)
	at org.openqa.selenium.remote.RemoteWebDriver.findElement(RemoteWebDriver.java:348)
	at io.appium.java_client.DefaultGenericMobileDriver.findElement(DefaultGenericMobileDriver.java:58)
	at io.appium.java_client.AppiumDriver.findElement(AppiumDriver.java:1)
	at io.appium.java_client.ios.IOSDriver.findElement(IOSDriver.java:1)
	at appiumAMFAM.TC03.testUntitled(TC03.java:61)
	at sun.reflect.NativeMethodAccessorImpl.invoke0(Native Method)
	at sun.reflect.NativeMethodAccessorImpl.invoke(NativeMethodAccessorImpl.java:62)
	at sun.reflect.DelegatingMethodAccessorImpl.invoke(DelegatingMethodAccessorImpl.java:43)
	at java.lang.reflect.Method.invoke(Method.java:498)
	at org.testng.internal.MethodInvocationHelper.invokeMethod(MethodInvocationHelper.java:100)
	at org.testng.internal.Invoker.invokeMethod(Invoker.java:646)
	at org.testng.internal.Invoker.invokeTestMethod(Invoker.java:811)
	at org.testng.internal.Invoker.invokeTestMethods(Invoker.java:1129)
	at org.testng.internal.TestMethodWorker.invokeTestMethods(TestMethodWorker.java:129)
	at org.testng.internal.TestMethodWorker.run(TestMethodWorker.java:112)
	at org.testng.TestRunner.privateRun(TestRunner.java:746)
	at org.testng.TestRunner.run(TestRunner.java:600)
	at org.testng.SuiteRunner.runTest(SuiteRunner.java:366)
	at org.testng.SuiteRunner.access$000(SuiteRunner.java:39)
	at org.testng.SuiteRunner$SuiteWorker.run(SuiteRunner.java:400)
	at org.testng.internal.thread.ThreadUtil$2.call(ThreadUtil.java:64)
	at java.util.concurrent.FutureTask.run(FutureTask.java:266)
	at java.util.concurrent.ThreadPoolExecutor.runWorker(ThreadPoolExecutor.java:1149)
	at java.util.concurrent.ThreadPoolExecutor$Worker.run(ThreadPoolExecutor.java:624)
	at java.lang.Thread.run(Thread.java:748)
]]>
    </error>
  </testcase> <!-- testUntitled -->
  <testcase name="testUntitled" time="0.397" classname="appiumAMFAM.TC03">
    <error type="org.openqa.selenium.WebDriverException" message="unknown error: unhandled inspector error: {&quot;code&quot;:-32000,&quot;message&quot;:&quot;Cannot navigate to invalid URL&quot;}
  (Session info: chrome=66.0.3359.126)
  (Driver info: chromedriver=2.33.506106 (8a06c39c4582fbfbab6966dbb1c38a9173bfb1a2),platform=Mac OS X 10.13.3 x86_64) (WARNING: The server did not provide any stacktrace information)
Command duration or timeout: 0 milliseconds
Build info: version: &#039;3.6.0&#039;, revision: &#039;6fbf3ec767&#039;, time: &#039;2017-09-27T15:28:36.4Z&#039;
System info: host: &#039;IDOSHOSHANI-LT&#039;, ip: &#039;10.0.75.1&#039;, os.name: &#039;Windows 10&#039;, os.arch: &#039;x86&#039;, os.version: &#039;10.0&#039;, java.version: &#039;1.8.0_151&#039;
Driver info: io.appium.java_client.android.AndroidDriver
Capabilities [{device.majorVersion=5.0.x, dontGoHomeOnQuit=true, device.os=Android, noReset=false, doNotGoHomeOnQuit=true, dontStopAppOnReset=false, reservationDuration=240, fullReset=false, platform=ANDROID, desired={dontGoHomeOnQuit=true, doNotGoHomeOnQuit=true, generateReport=false, browserName=Chrome, takeScreenshots=false, platformName=Android}, device.serialNumber=S7M0215829004355, locationServicesAuthorized=false, device.version=5.0, browserName=Chrome, javascriptEnabled=true, autoWebview=false, platformName=ANDROID, device.screenSize=1080x1920, testName=Untitled, useKeystore=false, cloudViewLink=http://sales.experitest.com/agent-9/#/RnLmQPFQtdbZB6M9?1
Picked up Grid Node (seetest_7796)
Reserved Device : HUAWEI HUAWEI GRA-L09 A0141, generateReport=false, device.manufacture=HUAWEI, instrumentApp=false, device.category=PHONE, autoDismissAlerts=false, keystorePath=~/.android/debug.keystore, waitForDeviceTimeout=120000, device.model=HUAWEI GRA-L09, device.name=HUAWEI HUAWEI GRA-L09 A0141, autoGrantPermissions=false, takeScreenshots=false, projectName=, gridNodePort=7796, autoAcceptAlerts=false}]
Session ID: CLOUD-SID:2018-05-31_00-12-43-3759c172-4f81-4464-9218-f36ad9b368c2">
      <![CDATA[org.openqa.selenium.WebDriverException: unknown error: unhandled inspector error: {"code":-32000,"message":"Cannot navigate to invalid URL"}
  (Session info: chrome=66.0.3359.126)
  (Driver info: chromedriver=2.33.506106 (8a06c39c4582fbfbab6966dbb1c38a9173bfb1a2),platform=Mac OS X 10.13.3 x86_64) (WARNING: The server did not provide any stacktrace information)
Command duration or timeout: 0 milliseconds
Build info: version: '3.6.0', revision: '6fbf3ec767', time: '2017-09-27T15:28:36.4Z'
System info: host: 'IDOSHOSHANI-LT', ip: '10.0.75.1', os.name: 'Windows 10', os.arch: 'x86', os.version: '10.0', java.version: '1.8.0_151'
Driver info: io.appium.java_client.android.AndroidDriver
Capabilities [{device.majorVersion=5.0.x, dontGoHomeOnQuit=true, device.os=Android, noReset=false, doNotGoHomeOnQuit=true, dontStopAppOnReset=false, reservationDuration=240, fullReset=false, platform=ANDROID, desired={dontGoHomeOnQuit=true, doNotGoHomeOnQuit=true, generateReport=false, browserName=Chrome, takeScreenshots=false, platformName=Android}, device.serialNumber=S7M0215829004355, locationServicesAuthorized=false, device.version=5.0, browserName=Chrome, javascriptEnabled=true, autoWebview=false, platformName=ANDROID, device.screenSize=1080x1920, testName=Untitled, useKeystore=false, cloudViewLink=http://sales.experitest.com/agent-9/#/RnLmQPFQtdbZB6M9?1
Picked up Grid Node (seetest_7796)
Reserved Device : HUAWEI HUAWEI GRA-L09 A0141, generateReport=false, device.manufacture=HUAWEI, instrumentApp=false, device.category=PHONE, autoDismissAlerts=false, keystorePath=~/.android/debug.keystore, waitForDeviceTimeout=120000, device.model=HUAWEI GRA-L09, device.name=HUAWEI HUAWEI GRA-L09 A0141, autoGrantPermissions=false, takeScreenshots=false, projectName=, gridNodePort=7796, autoAcceptAlerts=false}]
Session ID: CLOUD-SID:2018-05-31_00-12-43-3759c172-4f81-4464-9218-f36ad9b368c2
	at sun.reflect.NativeConstructorAccessorImpl.newInstance0(Native Method)
	at sun.reflect.NativeConstructorAccessorImpl.newInstance(NativeConstructorAccessorImpl.java:62)
	at sun.reflect.DelegatingConstructorAccessorImpl.newInstance(DelegatingConstructorAccessorImpl.java:45)
	at java.lang.reflect.Constructor.newInstance(Constructor.java:423)
	at org.openqa.selenium.remote.ErrorHandler.createThrowable(ErrorHandler.java:214)
	at org.openqa.selenium.remote.ErrorHandler.throwIfResponseFailed(ErrorHandler.java:166)
	at org.openqa.selenium.remote.http.JsonHttpResponseCodec.reconstructValue(JsonHttpResponseCodec.java:40)
	at org.openqa.selenium.remote.http.AbstractHttpResponseCodec.decode(AbstractHttpResponseCodec.java:82)
	at org.openqa.selenium.remote.http.AbstractHttpResponseCodec.decode(AbstractHttpResponseCodec.java:45)
	at org.openqa.selenium.remote.HttpCommandExecutor.execute(HttpCommandExecutor.java:164)
	at io.appium.java_client.remote.AppiumCommandExecutor.execute(AppiumCommandExecutor.java:89)
	at org.openqa.selenium.remote.RemoteWebDriver.execute(RemoteWebDriver.java:586)
	at io.appium.java_client.DefaultGenericMobileDriver.execute(DefaultGenericMobileDriver.java:42)
	at io.appium.java_client.AppiumDriver.execute(AppiumDriver.java:1)
	at io.appium.java_client.android.AndroidDriver.execute(AndroidDriver.java:1)
	at org.openqa.selenium.remote.RemoteWebDriver.get(RemoteWebDriver.java:310)
	at appiumAMFAM.TC03.testUntitled(TC03.java:59)
	at sun.reflect.NativeMethodAccessorImpl.invoke0(Native Method)
	at sun.reflect.NativeMethodAccessorImpl.invoke(NativeMethodAccessorImpl.java:62)
	at sun.reflect.DelegatingMethodAccessorImpl.invoke(DelegatingMethodAccessorImpl.java:43)
	at java.lang.reflect.Method.invoke(Method.java:498)
	at org.testng.internal.MethodInvocationHelper.invokeMethod(MethodInvocationHelper.java:100)
	at org.testng.internal.Invoker.invokeMethod(Invoker.java:646)
	at org.testng.internal.Invoker.invokeTestMethod(Invoker.java:811)
	at org.testng.internal.Invoker.invokeTestMethods(Invoker.java:1129)
	at org.testng.internal.TestMethodWorker.invokeTestMethods(TestMethodWorker.java:129)
	at org.testng.internal.TestMethodWorker.run(TestMethodWorker.java:112)
	at org.testng.TestRunner.privateRun(TestRunner.java:746)
	at org.testng.TestRunner.run(TestRunner.java:600)
	at org.testng.SuiteRunner.runTest(SuiteRunner.java:366)
	at org.testng.SuiteRunner.access$000(SuiteRunner.java:39)
	at org.testng.SuiteRunner$SuiteWorker.run(SuiteRunner.java:400)
	at org.testng.internal.thread.ThreadUtil$2.call(ThreadUtil.java:64)
	at java.util.concurrent.FutureTask.run(FutureTask.java:266)
	at java.util.concurrent.ThreadPoolExecutor.runWorker(ThreadPoolExecutor.java:1149)
	at java.util.concurrent.ThreadPoolExecutor$Worker.run(ThreadPoolExecutor.java:624)
	at java.lang.Thread.run(Thread.java:748)
]]>
    </error>
  </testcase> <!-- testUntitled -->
</testsuite> <!-- appiumAMFAM.TC03 -->
