<?xml version="1.0" encoding="UTF-8"?>
<!-- Generated by org.testng.reporters.JUnitReportReporter -->
<testsuite hostname="idoshoshani-lt" name="appiumAMFAM.TC02" tests="2" failures="0" timestamp="30 May 2018 21:25:45 GMT" time="172.455" errors="2">
  <testcase name="testUntitled" time="61.937" classname="appiumAMFAM.TC02">
    <error type="org.openqa.selenium.WebDriverException" message="Could not forward request http://sales-dhm1.experitest.com:7799/wd/hub/session/CLOUD-SID:2018-05-31_00-23-07-dac07a02-e886-488e-9ec5-017fcd191180/url for session CLOUD-SID:2018-05-31_00-23-07-dac07a02-e886-488e-9ec5-017fcd191180 (WARNING: The server did not provide any stacktrace information)
Command duration or timeout: 0 milliseconds
Build info: version: &#039;3.6.0&#039;, revision: &#039;6fbf3ec767&#039;, time: &#039;2017-09-27T15:28:36.4Z&#039;
System info: host: &#039;IDOSHOSHANI-LT&#039;, ip: &#039;10.0.75.1&#039;, os.name: &#039;Windows 10&#039;, os.arch: &#039;x86&#039;, os.version: &#039;10.0&#039;, java.version: &#039;1.8.0_151&#039;
Driver info: io.appium.java_client.android.AndroidDriver
Capabilities [{device.majorVersion=5.0.x, dontGoHomeOnQuit=true, device.os=Android, noReset=false, doNotGoHomeOnQuit=true, dontStopAppOnReset=false, reservationDuration=240, fullReset=false, platform=ANDROID, desired={dontGoHomeOnQuit=true, doNotGoHomeOnQuit=true, generateReport=false, browserName=Chrome, takeScreenshots=false, platformName=Android}, device.serialNumber=S7M0215829004355, locationServicesAuthorized=false, device.version=5.0, browserName=Chrome, javascriptEnabled=true, autoWebview=false, platformName=ANDROID, device.screenSize=1080x1920, testName=Untitled, useKeystore=false, cloudViewLink=http://sales.experitest.com/agent-9/#/nsRlZw72X1BLasOH?1
Picked up Grid Node (seetest_7799)
Reserved Device : HUAWEI HUAWEI GRA-L09 A0141, generateReport=false, device.manufacture=HUAWEI, instrumentApp=false, device.category=PHONE, autoDismissAlerts=false, keystorePath=~/.android/debug.keystore, waitForDeviceTimeout=120000, device.model=HUAWEI GRA-L09, device.name=HUAWEI HUAWEI GRA-L09 A0141, autoGrantPermissions=false, takeScreenshots=false, projectName=, gridNodePort=7799, autoAcceptAlerts=false}]
Session ID: CLOUD-SID:2018-05-31_00-23-07-dac07a02-e886-488e-9ec5-017fcd191180">
      <![CDATA[org.openqa.selenium.WebDriverException: Could not forward request http://sales-dhm1.experitest.com:7799/wd/hub/session/CLOUD-SID:2018-05-31_00-23-07-dac07a02-e886-488e-9ec5-017fcd191180/url for session CLOUD-SID:2018-05-31_00-23-07-dac07a02-e886-488e-9ec5-017fcd191180 (WARNING: The server did not provide any stacktrace information)
Command duration or timeout: 0 milliseconds
Build info: version: '3.6.0', revision: '6fbf3ec767', time: '2017-09-27T15:28:36.4Z'
System info: host: 'IDOSHOSHANI-LT', ip: '10.0.75.1', os.name: 'Windows 10', os.arch: 'x86', os.version: '10.0', java.version: '1.8.0_151'
Driver info: io.appium.java_client.android.AndroidDriver
Capabilities [{device.majorVersion=5.0.x, dontGoHomeOnQuit=true, device.os=Android, noReset=false, doNotGoHomeOnQuit=true, dontStopAppOnReset=false, reservationDuration=240, fullReset=false, platform=ANDROID, desired={dontGoHomeOnQuit=true, doNotGoHomeOnQuit=true, generateReport=false, browserName=Chrome, takeScreenshots=false, platformName=Android}, device.serialNumber=S7M0215829004355, locationServicesAuthorized=false, device.version=5.0, browserName=Chrome, javascriptEnabled=true, autoWebview=false, platformName=ANDROID, device.screenSize=1080x1920, testName=Untitled, useKeystore=false, cloudViewLink=http://sales.experitest.com/agent-9/#/nsRlZw72X1BLasOH?1
Picked up Grid Node (seetest_7799)
Reserved Device : HUAWEI HUAWEI GRA-L09 A0141, generateReport=false, device.manufacture=HUAWEI, instrumentApp=false, device.category=PHONE, autoDismissAlerts=false, keystorePath=~/.android/debug.keystore, waitForDeviceTimeout=120000, device.model=HUAWEI GRA-L09, device.name=HUAWEI HUAWEI GRA-L09 A0141, autoGrantPermissions=false, takeScreenshots=false, projectName=, gridNodePort=7799, autoAcceptAlerts=false}]
Session ID: CLOUD-SID:2018-05-31_00-23-07-dac07a02-e886-488e-9ec5-017fcd191180
	at sun.reflect.NativeConstructorAccessorImpl.newInstance0(Native Method)
	at sun.reflect.NativeConstructorAccessorImpl.newInstance(NativeConstructorAccessorImpl.java:62)
	at sun.reflect.DelegatingConstructorAccessorImpl.newInstance(DelegatingConstructorAccessorImpl.java:45)
	at java.lang.reflect.Constructor.newInstance(Constructor.java:423)
	at org.openqa.selenium.remote.ErrorHandler.createThrowable(ErrorHandler.java:214)
	at org.openqa.selenium.remote.ErrorHandler.throwIfResponseFailed(ErrorHandler.java:166)
	at org.openqa.selenium.remote.http.JsonHttpResponseCodec.reconstructValue(JsonHttpResponseCodec.java:40)
	at org.openqa.selenium.remote.http.AbstractHttpResponseCodec.decode(AbstractHttpResponseCodec.java:82)
	at org.openqa.selenium.remote.http.AbstractHttpResponseCodec.decode(AbstractHttpResponseCodec.java:45)
	at org.openqa.selenium.remote.HttpCommandExecutor.execute(HttpCommandExecutor.java:164)
	at io.appium.java_client.remote.AppiumCommandExecutor.execute(AppiumCommandExecutor.java:89)
	at org.openqa.selenium.remote.RemoteWebDriver.execute(RemoteWebDriver.java:586)
	at io.appium.java_client.DefaultGenericMobileDriver.execute(DefaultGenericMobileDriver.java:42)
	at io.appium.java_client.AppiumDriver.execute(AppiumDriver.java:1)
	at io.appium.java_client.android.AndroidDriver.execute(AndroidDriver.java:1)
	at org.openqa.selenium.remote.RemoteWebDriver.get(RemoteWebDriver.java:310)
	at appiumAMFAM.TC02.testUntitled(TC02.java:63)
	at sun.reflect.NativeMethodAccessorImpl.invoke0(Native Method)
	at sun.reflect.NativeMethodAccessorImpl.invoke(NativeMethodAccessorImpl.java:62)
	at sun.reflect.DelegatingMethodAccessorImpl.invoke(DelegatingMethodAccessorImpl.java:43)
	at java.lang.reflect.Method.invoke(Method.java:498)
	at org.testng.internal.MethodInvocationHelper.invokeMethod(MethodInvocationHelper.java:100)
	at org.testng.internal.Invoker.invokeMethod(Invoker.java:646)
	at org.testng.internal.Invoker.invokeTestMethod(Invoker.java:811)
	at org.testng.internal.Invoker.invokeTestMethods(Invoker.java:1129)
	at org.testng.internal.TestMethodWorker.invokeTestMethods(TestMethodWorker.java:129)
	at org.testng.internal.TestMethodWorker.run(TestMethodWorker.java:112)
	at org.testng.TestRunner.privateRun(TestRunner.java:746)
	at org.testng.TestRunner.run(TestRunner.java:600)
	at org.testng.SuiteRunner.runTest(SuiteRunner.java:366)
	at org.testng.SuiteRunner.access$000(SuiteRunner.java:39)
	at org.testng.SuiteRunner$SuiteWorker.run(SuiteRunner.java:400)
	at org.testng.internal.thread.ThreadUtil$2.call(ThreadUtil.java:64)
	at java.util.concurrent.FutureTask.run(FutureTask.java:266)
	at java.util.concurrent.ThreadPoolExecutor.runWorker(ThreadPoolExecutor.java:1149)
	at java.util.concurrent.ThreadPoolExecutor$Worker.run(ThreadPoolExecutor.java:624)
	at java.lang.Thread.run(Thread.java:748)
]]>
    </error>
  </testcase> <!-- testUntitled -->
  <testcase name="testUntitled" time="110.518" classname="appiumAMFAM.TC02">
    <error type="org.openqa.selenium.WebDriverException" message="unknown error (An unknown server-side error occurred. status=&#039;false&#039;. Failed to complete internal method: &#039;elementSendText args: [WEB, xpath=(//*[@id=&#039;date-of-birth&#039;])[1], 0, 07031980]&#039;, details: )  (WARNING: The server did not provide any stacktrace information)
Command duration or timeout: 0 milliseconds
Build info: version: &#039;3.6.0&#039;, revision: &#039;6fbf3ec767&#039;, time: &#039;2017-09-27T15:28:36.4Z&#039;
System info: host: &#039;IDOSHOSHANI-LT&#039;, ip: &#039;10.0.75.1&#039;, os.name: &#039;Windows 10&#039;, os.arch: &#039;x86&#039;, os.version: &#039;10.0&#039;, java.version: &#039;1.8.0_151&#039;
Driver info: io.appium.java_client.ios.IOSDriver
Capabilities [{device.majorVersion=11.0.x, dontGoHomeOnQuit=true, device.os=iOS, noReset=false, doNotGoHomeOnQuit=true, dontStopAppOnReset=false, reservationDuration=240, fullReset=false, platform=IOS, desired={dontGoHomeOnQuit=true, doNotGoHomeOnQuit=true, generateReport=false, browserName=Safari, takeScreenshots=false, platformName=iOS}, device.serialNumber=81fbdb60549592832dd2766472689bee900822a6, locationServicesAuthorized=false, device.version=11.1, automationName=XCUITest, browserName=Safari, javascriptEnabled=true, autoWebview=false, platformName=IOS, device.screenSize=1242x2208, testName=Untitled, useKeystore=false, cloudViewLink=http://sales.experitest.com/agent-11/#/MhvBM7n3FWWcNvgs?1
Picked up Grid Node (seetest_7795)
Reserved Device : iPhone 8 Plus B0166, generateReport=false, device.manufacture=Apple, instrumentApp=false, device.category=PHONE, autoDismissAlerts=false, keystorePath=~/.android/debug.keystore, waitForDeviceTimeout=120000, device.model=iPhone 8+, device.name=iPhone 8 Plus B0166, autoGrantPermissions=false, takeScreenshots=false, projectName=, gridNodePort=7795, autoAcceptAlerts=false}]
Session ID: CLOUD-SID:2018-05-31_00-23-07-e5e3467c-69f1-40af-a1df-b6155b5ca130">
      <![CDATA[org.openqa.selenium.WebDriverException: unknown error (An unknown server-side error occurred. status='false'. Failed to complete internal method: 'elementSendText args: [WEB, xpath=(//*[@id='date-of-birth'])[1], 0, 07031980]', details: )  (WARNING: The server did not provide any stacktrace information)
Command duration or timeout: 0 milliseconds
Build info: version: '3.6.0', revision: '6fbf3ec767', time: '2017-09-27T15:28:36.4Z'
System info: host: 'IDOSHOSHANI-LT', ip: '10.0.75.1', os.name: 'Windows 10', os.arch: 'x86', os.version: '10.0', java.version: '1.8.0_151'
Driver info: io.appium.java_client.ios.IOSDriver
Capabilities [{device.majorVersion=11.0.x, dontGoHomeOnQuit=true, device.os=iOS, noReset=false, doNotGoHomeOnQuit=true, dontStopAppOnReset=false, reservationDuration=240, fullReset=false, platform=IOS, desired={dontGoHomeOnQuit=true, doNotGoHomeOnQuit=true, generateReport=false, browserName=Safari, takeScreenshots=false, platformName=iOS}, device.serialNumber=81fbdb60549592832dd2766472689bee900822a6, locationServicesAuthorized=false, device.version=11.1, automationName=XCUITest, browserName=Safari, javascriptEnabled=true, autoWebview=false, platformName=IOS, device.screenSize=1242x2208, testName=Untitled, useKeystore=false, cloudViewLink=http://sales.experitest.com/agent-11/#/MhvBM7n3FWWcNvgs?1
Picked up Grid Node (seetest_7795)
Reserved Device : iPhone 8 Plus B0166, generateReport=false, device.manufacture=Apple, instrumentApp=false, device.category=PHONE, autoDismissAlerts=false, keystorePath=~/.android/debug.keystore, waitForDeviceTimeout=120000, device.model=iPhone 8+, device.name=iPhone 8 Plus B0166, autoGrantPermissions=false, takeScreenshots=false, projectName=, gridNodePort=7795, autoAcceptAlerts=false}]
Session ID: CLOUD-SID:2018-05-31_00-23-07-e5e3467c-69f1-40af-a1df-b6155b5ca130
	at sun.reflect.NativeConstructorAccessorImpl.newInstance0(Native Method)
	at sun.reflect.NativeConstructorAccessorImpl.newInstance(NativeConstructorAccessorImpl.java:62)
	at sun.reflect.DelegatingConstructorAccessorImpl.newInstance(DelegatingConstructorAccessorImpl.java:45)
	at java.lang.reflect.Constructor.newInstance(Constructor.java:423)
	at org.openqa.selenium.remote.ErrorHandler.createThrowable(ErrorHandler.java:214)
	at org.openqa.selenium.remote.ErrorHandler.throwIfResponseFailed(ErrorHandler.java:166)
	at org.openqa.selenium.remote.http.JsonHttpResponseCodec.reconstructValue(JsonHttpResponseCodec.java:40)
	at org.openqa.selenium.remote.http.AbstractHttpResponseCodec.decode(AbstractHttpResponseCodec.java:82)
	at org.openqa.selenium.remote.http.AbstractHttpResponseCodec.decode(AbstractHttpResponseCodec.java:45)
	at org.openqa.selenium.remote.HttpCommandExecutor.execute(HttpCommandExecutor.java:164)
	at io.appium.java_client.remote.AppiumCommandExecutor.execute(AppiumCommandExecutor.java:89)
	at org.openqa.selenium.remote.RemoteWebDriver.execute(RemoteWebDriver.java:586)
	at io.appium.java_client.DefaultGenericMobileDriver.execute(DefaultGenericMobileDriver.java:42)
	at io.appium.java_client.AppiumDriver.execute(AppiumDriver.java:1)
	at io.appium.java_client.ios.IOSDriver.execute(IOSDriver.java:1)
	at org.openqa.selenium.remote.RemoteWebElement.execute(RemoteWebElement.java:279)
	at io.appium.java_client.DefaultGenericMobileElement.execute(DefaultGenericMobileElement.java:45)
	at io.appium.java_client.MobileElement.execute(MobileElement.java:1)
	at io.appium.java_client.ios.IOSElement.execute(IOSElement.java:1)
	at org.openqa.selenium.remote.RemoteWebElement.sendKeys(RemoteWebElement.java:100)
	at appiumAMFAM.TC02.testUntitled(TC02.java:76)
	at sun.reflect.NativeMethodAccessorImpl.invoke0(Native Method)
	at sun.reflect.NativeMethodAccessorImpl.invoke(NativeMethodAccessorImpl.java:62)
	at sun.reflect.DelegatingMethodAccessorImpl.invoke(DelegatingMethodAccessorImpl.java:43)
	at java.lang.reflect.Method.invoke(Method.java:498)
	at org.testng.internal.MethodInvocationHelper.invokeMethod(MethodInvocationHelper.java:100)
	at org.testng.internal.Invoker.invokeMethod(Invoker.java:646)
	at org.testng.internal.Invoker.invokeTestMethod(Invoker.java:811)
	at org.testng.internal.Invoker.invokeTestMethods(Invoker.java:1129)
	at org.testng.internal.TestMethodWorker.invokeTestMethods(TestMethodWorker.java:129)
	at org.testng.internal.TestMethodWorker.run(TestMethodWorker.java:112)
	at org.testng.TestRunner.privateRun(TestRunner.java:746)
	at org.testng.TestRunner.run(TestRunner.java:600)
	at org.testng.SuiteRunner.runTest(SuiteRunner.java:366)
	at org.testng.SuiteRunner.access$000(SuiteRunner.java:39)
	at org.testng.SuiteRunner$SuiteWorker.run(SuiteRunner.java:400)
	at org.testng.internal.thread.ThreadUtil$2.call(ThreadUtil.java:64)
	at java.util.concurrent.FutureTask.run(FutureTask.java:266)
	at java.util.concurrent.ThreadPoolExecutor.runWorker(ThreadPoolExecutor.java:1149)
	at java.util.concurrent.ThreadPoolExecutor$Worker.run(ThreadPoolExecutor.java:624)
	at java.lang.Thread.run(Thread.java:748)
]]>
    </error>
  </testcase> <!-- testUntitled -->
</testsuite> <!-- appiumAMFAM.TC02 -->
