<?xml version="1.0" encoding="UTF-8"?>
<!-- Generated by org.testng.reporters.JUnitReportReporter -->
<testsuite name="appiumAMFAM.Untitled" tests="1" time="71.748" ignored="0" failures="0" timestamp="28 מאי 2018 12:20:50 GMT" skipped="0" hostname="AmitNahum" errors="1">
  <testcase name="testUntitled" time="71.748" classname="appiumAMFAM.Untitled">
    <error type="org.openqa.selenium.TimeoutException" message="Timed out after 10 seconds waiting for presence of element located by: By.xpath: //*[@css=&#039;H2.ng-binding&#039; and  contains(@text,&#039;Information&#039;)]
Build info: version: &#039;2.53.1&#039;, revision: &#039;a36b8b1cd5757287168e54b817830adce9b0158d&#039;, time: &#039;2016-06-30 19:26:09&#039;
System info: host: &#039;AmitNahum&#039;, ip: &#039;192.168.56.1&#039;, os.name: &#039;Windows 10&#039;, os.arch: &#039;amd64&#039;, os.version: &#039;10.0&#039;, java.version: &#039;1.8.0_141&#039;
Driver info: io.appium.java_client.ios.IOSDriver
Capabilities [{device.majorVersion=10.0.x, dontGoHomeOnQuit=true, device.os=iOS, noReset=false, doNotGoHomeOnQuit=true, dontStopAppOnReset=false, reservationDuration=240, fullReset=false, platform=ANY, desired={dontGoHomeOnQuit=true, doNotGoHomeOnQuit=true, generateReport=false, browserName=Safari, takeScreenshots=false, udid=569801f701a84ceedc3d0458297cea7dc353680a, platformName=iOS}, device.serialNumber=569801f701a84ceedc3d0458297cea7dc353680a, locationServicesAuthorized=false, device.version=10.3.3, automationName=XCUITest, browserName=Safari, autoWebview=false, udid=569801f701a84ceedc3d0458297cea7dc353680a, platformName=iOS, device.screenSize=750x1334, testName=Untitled, useKeystore=false, generateReport=false, device.manufacture=Apple, instrumentApp=false, device.category=PHONE, autoDismissAlerts=false, keystorePath=~/.android/debug.keystore, waitForDeviceTimeout=120000, device.model=iPhone 6, device.name=iPhone 6, autoGrantPermissions=false, takeScreenshots=false, projectName=, autoAcceptAlerts=false}]
Session ID: 1f1213fc-2d3a-4cdf-85e5-2bdef50bd0aa">
      <![CDATA[org.openqa.selenium.TimeoutException: Timed out after 10 seconds waiting for presence of element located by: By.xpath: //*[@css='H2.ng-binding' and  contains(@text,'Information')]
Build info: version: '2.53.1', revision: 'a36b8b1cd5757287168e54b817830adce9b0158d', time: '2016-06-30 19:26:09'
System info: host: 'AmitNahum', ip: '192.168.56.1', os.name: 'Windows 10', os.arch: 'amd64', os.version: '10.0', java.version: '1.8.0_141'
Driver info: io.appium.java_client.ios.IOSDriver
Capabilities [{device.majorVersion=10.0.x, dontGoHomeOnQuit=true, device.os=iOS, noReset=false, doNotGoHomeOnQuit=true, dontStopAppOnReset=false, reservationDuration=240, fullReset=false, platform=ANY, desired={dontGoHomeOnQuit=true, doNotGoHomeOnQuit=true, generateReport=false, browserName=Safari, takeScreenshots=false, udid=569801f701a84ceedc3d0458297cea7dc353680a, platformName=iOS}, device.serialNumber=569801f701a84ceedc3d0458297cea7dc353680a, locationServicesAuthorized=false, device.version=10.3.3, automationName=XCUITest, browserName=Safari, autoWebview=false, udid=569801f701a84ceedc3d0458297cea7dc353680a, platformName=iOS, device.screenSize=750x1334, testName=Untitled, useKeystore=false, generateReport=false, device.manufacture=Apple, instrumentApp=false, device.category=PHONE, autoDismissAlerts=false, keystorePath=~/.android/debug.keystore, waitForDeviceTimeout=120000, device.model=iPhone 6, device.name=iPhone 6, autoGrantPermissions=false, takeScreenshots=false, projectName=, autoAcceptAlerts=false}]
Session ID: 1f1213fc-2d3a-4cdf-85e5-2bdef50bd0aa
	at org.openqa.selenium.support.ui.WebDriverWait.timeoutException(WebDriverWait.java:80)
	at org.openqa.selenium.support.ui.FluentWait.until(FluentWait.java:261)
	at appiumAMFAM.Untitled.testUntitled(Untitled.java:51)
	at sun.reflect.NativeMethodAccessorImpl.invoke0(Native Method)
	at sun.reflect.NativeMethodAccessorImpl.invoke(Unknown Source)
	at sun.reflect.DelegatingMethodAccessorImpl.invoke(Unknown Source)
	at java.lang.reflect.Method.invoke(Unknown Source)
	at org.testng.internal.MethodInvocationHelper.invokeMethod(MethodInvocationHelper.java:104)
	at org.testng.internal.Invoker.invokeMethod(Invoker.java:645)
	at org.testng.internal.Invoker.invokeTestMethod(Invoker.java:851)
	at org.testng.internal.Invoker.invokeTestMethods(Invoker.java:1177)
	at org.testng.internal.TestMethodWorker.invokeTestMethods(TestMethodWorker.java:129)
	at org.testng.internal.TestMethodWorker.run(TestMethodWorker.java:112)
	at org.testng.TestRunner.privateRun(TestRunner.java:756)
	at org.testng.TestRunner.run(TestRunner.java:610)
	at org.testng.SuiteRunner.runTest(SuiteRunner.java:387)
	at org.testng.SuiteRunner.runSequentially(SuiteRunner.java:382)
	at org.testng.SuiteRunner.privateRun(SuiteRunner.java:340)
	at org.testng.SuiteRunner.run(SuiteRunner.java:289)
	at org.testng.SuiteRunnerWorker.runSuite(SuiteRunnerWorker.java:52)
	at org.testng.SuiteRunnerWorker.run(SuiteRunnerWorker.java:86)
	at org.testng.TestNG.runSuitesSequentially(TestNG.java:1293)
	at org.testng.TestNG.runSuitesLocally(TestNG.java:1218)
	at org.testng.TestNG.runSuites(TestNG.java:1133)
	at org.testng.TestNG.run(TestNG.java:1104)
	at org.testng.remote.AbstractRemoteTestNG.run(AbstractRemoteTestNG.java:114)
	at org.testng.remote.RemoteTestNG.initAndRun(RemoteTestNG.java:251)
	at org.testng.remote.RemoteTestNG.main(RemoteTestNG.java:77)
Caused by: org.openqa.selenium.NoSuchElementException: no such element (An element could not be located on the page using the given search parameters (XPATH='//*[@css='H2.ng-binding' and  contains(@text,'Information')]'))  (WARNING: The server did not provide any stacktrace information)
Command duration or timeout: 1.68 seconds
For documentation on this error, please visit: http://seleniumhq.org/exceptions/no_such_element.html
Build info: version: '2.53.1', revision: 'a36b8b1cd5757287168e54b817830adce9b0158d', time: '2016-06-30 19:26:09'
System info: host: 'AmitNahum', ip: '192.168.56.1', os.name: 'Windows 10', os.arch: 'amd64', os.version: '10.0', java.version: '1.8.0_141'
Driver info: io.appium.java_client.ios.IOSDriver
Capabilities [{device.majorVersion=10.0.x, dontGoHomeOnQuit=true, device.os=iOS, noReset=false, doNotGoHomeOnQuit=true, dontStopAppOnReset=false, reservationDuration=240, fullReset=false, platform=ANY, desired={dontGoHomeOnQuit=true, doNotGoHomeOnQuit=true, generateReport=false, browserName=Safari, takeScreenshots=false, udid=569801f701a84ceedc3d0458297cea7dc353680a, platformName=iOS}, device.serialNumber=569801f701a84ceedc3d0458297cea7dc353680a, locationServicesAuthorized=false, device.version=10.3.3, automationName=XCUITest, browserName=Safari, autoWebview=false, udid=569801f701a84ceedc3d0458297cea7dc353680a, platformName=iOS, device.screenSize=750x1334, testName=Untitled, useKeystore=false, generateReport=false, device.manufacture=Apple, instrumentApp=false, device.category=PHONE, autoDismissAlerts=false, keystorePath=~/.android/debug.keystore, waitForDeviceTimeout=120000, device.model=iPhone 6, device.name=iPhone 6, autoGrantPermissions=false, takeScreenshots=false, projectName=, autoAcceptAlerts=false}]
Session ID: 1f1213fc-2d3a-4cdf-85e5-2bdef50bd0aa
*** Element info: {Using=xpath, value=//*[@css='H2.ng-binding' and  contains(@text,'Information')]}
	at sun.reflect.NativeConstructorAccessorImpl.newInstance0(Native Method)
	at sun.reflect.NativeConstructorAccessorImpl.newInstance(Unknown Source)
	at sun.reflect.DelegatingConstructorAccessorImpl.newInstance(Unknown Source)
	at java.lang.reflect.Constructor.newInstance(Unknown Source)
	at org.openqa.selenium.remote.ErrorHandler.createThrowable(ErrorHandler.java:206)
	at org.openqa.selenium.remote.ErrorHandler.throwIfResponseFailed(ErrorHandler.java:158)
	at org.openqa.selenium.remote.RemoteWebDriver.execute(RemoteWebDriver.java:678)
	at io.appium.java_client.DefaultGenericMobileDriver.execute(DefaultGenericMobileDriver.java:40)
	at io.appium.java_client.AppiumDriver.execute(AppiumDriver.java:1)
	at io.appium.java_client.ios.IOSDriver.execute(IOSDriver.java:1)
	at org.openqa.selenium.remote.RemoteWebDriver.findElement(RemoteWebDriver.java:363)
	at io.appium.java_client.DefaultGenericMobileDriver.findElement(DefaultGenericMobileDriver.java:56)
	at io.appium.java_client.AppiumDriver.findElement(AppiumDriver.java:1)
	at io.appium.java_client.ios.IOSDriver.findElement(IOSDriver.java:1)
	at org.openqa.selenium.remote.RemoteWebDriver.findElementByXPath(RemoteWebDriver.java:500)
	at io.appium.java_client.DefaultGenericMobileDriver.findElementByXPath(DefaultGenericMobileDriver.java:134)
	at io.appium.java_client.AppiumDriver.findElementByXPath(AppiumDriver.java:1)
	at io.appium.java_client.ios.IOSDriver.findElementByXPath(IOSDriver.java:1)
	at org.openqa.selenium.By$ByXPath.findElement(By.java:361)
	at org.openqa.selenium.remote.RemoteWebDriver.findElement(RemoteWebDriver.java:355)
	at io.appium.java_client.DefaultGenericMobileDriver.findElement(DefaultGenericMobileDriver.java:52)
	at io.appium.java_client.AppiumDriver.findElement(AppiumDriver.java:1)
	at io.appium.java_client.ios.IOSDriver.findElement(IOSDriver.java:1)
	at org.openqa.selenium.support.ui.ExpectedConditions.findElement(ExpectedConditions.java:899)
	at org.openqa.selenium.support.ui.ExpectedConditions.access$000(ExpectedConditions.java:41)
	at org.openqa.selenium.support.ui.ExpectedConditions$6.apply(ExpectedConditions.java:181)
	at org.openqa.selenium.support.ui.ExpectedConditions$6.apply(ExpectedConditions.java:178)
	at org.openqa.selenium.support.ui.FluentWait.until(FluentWait.java:238)
	... 26 more
]]>
    </error>
  </testcase> <!-- testUntitled -->
</testsuite> <!-- appiumAMFAM.Untitled -->
